<?xml version="1.0" encoding="UTF-8"?>
<!-- Generated by org.testng.reporters.JUnitReportReporter -->
<testsuite hostname="DESKTOP-96FGK30" failures="0" tests="1" name="com.eBank.testCases.LoginPageTest" time="3.666" errors="0" timestamp="26 Jun 2021 22:03:33 GMT" skipped="0">
  <testcase classname="com.eBank.testCases.LoginPageTest" name="loginTest" time="3.666"/>
</testsuite> <!-- com.eBank.testCases.LoginPageTest -->
