<?xml version="1.0" encoding="UTF-8"?>
<!-- Generated by org.testng.reporters.JUnitReportReporter -->
<testsuite hostname="DESKTOP-96FGK30" failures="0" tests="1" name="com.eBank.testCases.HomePageTest" time="2.564" errors="0" timestamp="26 Jun 2021 17:36:20 GMT" skipped="0">
  <testcase classname="com.eBank.testCases.HomePageTest" name="clickOnNewCustomer" time="2.564"/>
</testsuite> <!-- com.eBank.testCases.HomePageTest -->
