<?xml version="1.0" encoding="UTF-8"?>
<!-- Generated by org.testng.reporters.JUnitReportReporter -->
<testsuite hostname="DESKTOP-96FGK30" failures="0" tests="3" name="com.eBank.testCases.NewCustomerTest" time="13.981" errors="0" timestamp="26 Jun 2021 22:14:42 GMT" skipped="0">
  <testcase classname="com.eBank.testCases.NewCustomerTest" name="addNewCustomer" time="4.353"/>
  <testcase classname="com.eBank.testCases.NewCustomerTest" name="addNewCustomer" time="4.508"/>
  <testcase classname="com.eBank.testCases.NewCustomerTest" name="addNewCustomer" time="5.120"/>
</testsuite> <!-- com.eBank.testCases.NewCustomerTest -->
