<?xml version="1.0" encoding="UTF-8"?>
<!-- Generated by org.testng.reporters.JUnitReportReporter -->
<testsuite skipped="0" hostname="DESKTOP-96FGK30" name="com.eBank.testCases.NewCustomerTest" tests="3" failures="0" timestamp="27 Jun 2021 19:47:30 GMT" time="13.199" errors="0">
  <testcase name="addNewCustomer" time="4.440" classname="com.eBank.testCases.NewCustomerTest"/>
  <testcase name="addNewCustomer" time="4.256" classname="com.eBank.testCases.NewCustomerTest"/>
  <testcase name="addNewCustomer" time="4.503" classname="com.eBank.testCases.NewCustomerTest"/>
</testsuite> <!-- com.eBank.testCases.NewCustomerTest -->
