<?xml version="1.0" encoding="UTF-8"?>
<!-- Generated by org.testng.reporters.JUnitReportReporter -->
<testsuite skipped="0" hostname="DESKTOP-96FGK30" name="com.eBank.testCases.LoginPageTest" tests="1" failures="0" timestamp="27 Jun 2021 19:47:30 GMT" time="4.264" errors="0">
  <testcase name="loginTest" time="4.264" classname="com.eBank.testCases.LoginPageTest"/>
</testsuite> <!-- com.eBank.testCases.LoginPageTest -->
